0.700346534 0.003296
0.699341024 0.003232
0.698537517 0.003168
0.707394923 0.003232
0.708310096 0.003104
0.691003286 0.003232
0.694832538 0.003328
0.692573205 0.003168
0.705666871 0.003168
0.697278716 0.003136
0.716641916 0.003264
0.703378623 0.0032
0.700554603 0.003168
0.704594213 0.003136
0.715656558 0.003264
0.710748974 0.003296
0.705516328 0.003264
0.708188227 0.003168
0.717153259 0.003296
0.706311855 0.0032
0.70869704 0.003328
0.705104269 0.003264
0.700181926 0.0032
0.719060522 0.003264
0.691300934 0.003296
0.712483228 0.003168
0.6981796 0.0032
0.737925234 0.003232
0.727244417 0.00336
0.729663263 0.003392
0.737441927 0.003264
0.726488318 0.003296
0.698153016 0.003264
0.736836485 0.003296
0.746768994 0.003424
0.738015226 0.003264
0.740986208 0.00352
0.72273668 0.003456
0.748281397 0.003392
0.72183744 0.003264
0.738974543 0.003456
0.722578456 0.00336
0.726266963 0.00336
0.716212517 0.003296
0.712253915 0.003488
0.709425353 0.003392
0.704934079 0.003328
0.752458555 0.003488
0.70211687 0.003456
0.737735999 0.003488
0.746395995 0.00352
0.744646102 0.003328
0.756191573 0.00352
0.723629909 0.003296
0.722821992 0.003488
0.739324276 0.00336
0.741262361 0.003392
0.735676921 0.003392
0.753827636 0.003456
0.722338703 0.00336
0.74219148 0.003296
0.719794574 0.003296
0.698321497 0.003328
0.742026573 0.003168
0.734070544 0.003104
0.725886098 0.003328
0.721269036 0.00336
0.722596899 0.00336
0.701144922 0.003264
0.730032662 0.003328
0.698116973 0.003232
0.731272784 0.003232
0.719814271 0.003392
0.737109444 0.003136
0.727547412 0.003232
0.685091452 0.003392
0.746062997 0.003296
0.713856468 0.003392
0.735490739 0.003392
0.687211653 0.003424
0.721373938 0.003232
0.71925525 0.003328
0.694798954 0.003168
0.692061712 0.003264
0.728460259 0.003296
0.714445299 0.00336
0.677895355 0.003296
0.724524659 0.003392
0.697090615 0.0032
0.722942117 0.003392
0.676988792 0.003232
0.719129702 0.00336
0.693948104 0.003232
0.716473977 0.00336
0.711780173 0.003296
0.679348194 0.003232
0.692156378 0.003232
0.716708353 0.003232
0.734891631 0.003328
0.670498316 0.0032
0.720351306 0.00304
0.711840535 0.003264
0.727652439 0.0032
0.698636271 0.0032
0.690683969 0.003232
0.707160498 0.00336
0.720103066 0.003136
0.667233085 0.003104
0.677699665 0.0032
0.699550522 0.003296
0.717958307 0.003328
0.708725317 0.003136
0.687623476 0.0032
0.685307531 0.003264
0.721903936 0.003328
0.688207501 0.003136
0.665796261 0.003136
0.701921096 0.003104
0.656738088 0.003104
0.684968949 0.003104
0.693019598 0.003296
0.692173265 0.003168
0.699711674 0.003264
0.691954219 0.003264
0.70453097 0.003264
0.699261062 0.003296
0.658033228 0.003136
0.677343589 0.003232
0.662998374 0.0032
0.706064433 0.003232
0.68207045 0.003168
0.703527011 0.003136
0.691237595 0.003264
0.690369784 0.003104
0.700172052 0.003168
0.723264201 0.003168
0.72484726 0.003264
0.741943116 0.00336
0.760234238 0.003392
0.737743533 0.003392
0.764213626 0.003488
0.752572032 0.003584
0.787532196 0.003552
0.766239302 0.003424
0.800301938 0.00368
0.798854056 0.003808
0.758629645 0.003904
0.827618926 0.003648
0.820466974 0.00384
0.85476226 0.003936
0.837949933 0.004064
0.811092735 0.004096
0.877451941 0.004224
0.89295248 0.004416
0.846053385 0.004288
0.902702327 0.004352
0.937576085 0.004512
0.884895214 0.004384
0.906671565 0.004416
1.006502986 0.004736
0.963663116 0.004736
0.980665701 0.0048
1.030574418 0.004736
1.042486936 0.00496
0.99842069 0.004832
1.077906227 0.00496
1.106674681 0.005024
1.074607478 0.005152
1.134380934 0.005184
1.136478672 0.005344
1.101128174 0.005216
1.155039321 0.005504
1.160399649 0.005472
1.167763453 0.00544
1.190554722 0.005472
1.146384266 0.00544
1.21303 0.00544
1.181930191 0.005632
1.195240172 0.005472
1.156210519 0.005632
1.184451794 0.005696
1.22292168 0.005728
1.287018701 0.006016
1.234622423 0.005888
1.265621222 0.006016
1.287199295 0.005792
1.318833337 0.00608
1.341042581 0.006208
1.341615646 0.006272
1.340941667 0.006016
1.372190769 0.0064
1.366662592 0.006048
1.319020737 0.006144
1.406001414 0.006304
1.331992871 0.00624
1.396070755 0.006304
1.437654671 0.006336
1.449252098 0.006496
1.429408743 0.006528
1.469008632 0.006624
1.447225316 0.0064
1.486192272 0.006656
1.482787973 0.006848
1.449024606 0.00672
1.402501144 0.006848
1.470612298 0.00688
1.453835674 0.006944
1.44507403 0.007136
1.542442176 0.007168
1.523796737 0.0072
1.537422729 0.00704
1.550201658 0.007136
1.510439112 0.0072
1.555657575 0.007744
1.613168511 0.007456
1.617105306 0.007776
1.542713452 0.008
1.608886827 0.008
1.614428694 0.007872
1.63725138 0.008064
1.65278522 0.008128
1.768480767 0.008288
1.77946292 0.00832
1.798323169 0.008288
1.788821367 0.008544
1.721770225 0.007904
1.773423745 0.00848
1.767655522 0.008448
1.764080266 0.008576
1.814634938 0.008736
1.91686519 0.008736
1.843539843 0.00864
1.918217613 0.008448
1.835972124 0.008864
1.876499912 0.008992
1.923454333 0.009056
1.966949732 0.009216
1.8694214 0.009312
2.009265611 0.008736
2.027670387 0.009184
1.916207311 0.009344
2.08457378 0.009376
2.061855725 0.00944
2.018943804 0.009696
2.076155017 0.009696
2.069622893 0.009792
2.093906486 0.0096
2.131704187 0.009888
2.158829467 0.009856
2.141707261 0.010048
2.154935988 0.00992
2.108671163 0.010176
2.165679461 0.009888
2.21567442 0.010304
2.22433662 0.01024
2.2296103 0.010624
2.207300939 0.010368
2.157264491 0.010176
2.268051896 0.010272
2.28428972 0.010272
2.299068287 0.010688
2.330515763 0.01088
2.317433735 0.0104
2.218136694 0.010816
2.237516632 0.010976
2.204419668 0.010752
2.397110444 0.010656
2.386532148 0.011072
2.382175458 0.010752
2.309182377 0.011232
2.426221349 0.011424
2.369724685 0.011424
2.44834772 0.01104
2.38441073 0.011392
2.482272453 0.01152
2.338718208 0.01168
2.470207309 0.011552
2.451796079 0.011488
2.531165465 0.011712
2.490430655 0.011424
2.35032864 0.011456
2.55013014 0.011648
2.580154931 0.011552
2.578800798 0.011712
2.42816903 0.01104
2.573219884 0.011616
2.563219251 0.011744
2.427464806 0.011744
2.495656006 0.011808
2.455201089 0.011488
2.513284906 0.011808
2.657282714 0.012128
2.654719808 0.011936
2.575796686 0.011904
2.472002066 0.01168
2.62295986 0.011872
2.634053659 0.011968
2.660227852 0.01168
2.607449047 0.011968
2.55665124 0.012064
2.653759898 0.012224
2.612496186 0.012224
2.708167751 0.012096
2.593717798 0.012032
2.657361632 0.012448
2.754864546 0.012288
2.728357954 0.012288
2.653543542 0.012
2.561787932 0.01248
2.714723895 0.012256
2.633597474 0.012512
2.685222314 0.012672
2.511779979 0.012416
2.650460814 0.012448
2.679840535 0.012448
2.647961368 0.012288
2.756952725 0.012224
2.580981074 0.012544
2.79348267 0.012096
2.7075752 0.012608
2.570068267 0.01264
2.704088211 0.012544
2.592892447 0.012544
2.755818949 0.012832
2.658485575 0.01216
2.67857671 0.01264
2.598675731 0.012736
2.598824535 0.012832
2.768202957 0.012512
2.752374506 0.013024
2.70695264 0.01264
2.633069352 0.012736
2.772650651 0.012864
2.727028043 0.0128
2.639698509 0.0128
2.787452902 0.013088
2.620478498 0.01296
2.852831395 0.012256
2.819508746 0.012928
2.736088828 0.013088
2.84718638 0.01296
2.809425836 0.012768
2.732568772 0.013088
2.784076523 0.013088
2.737192841 0.013152
2.805510931 0.013184
2.803856244 0.013248
2.687398549 0.01312
2.879901825 0.01344
2.869840071 0.012736
2.830172359 0.013152
2.770070009 0.01312
2.865935539 0.013184
2.775013619 0.0128
2.705249137 0.013216
2.881715352 0.013152
2.765726406 0.013344
2.808437352 0.013248
2.887426351 0.01344
2.697368218 0.013088
2.742407456 0.013376
2.831645046 0.013344
2.880535518 0.01328
2.780960936 0.013344
2.835123968 0.01328
2.876374708 0.013056
2.886528299 0.013376
2.719864609 0.013056
2.763246514 0.01408
2.778049741 0.01328
2.907129991 0.013312
2.724813952 0.013248
2.737761894 0.013472
2.756424553 0.013344
2.820767489 0.01312
2.688815632 0.012768
2.852085101 0.012864
2.74880413 0.013088
2.826912341 0.013376
2.738962342 0.013088
2.773742197 0.013888
2.761151309 0.013184
2.744300868 0.01328
2.774678871 0.01312
2.680820772 0.013248
2.794924041 0.013088
2.789761963 0.013024
2.801307394 0.012992
2.793479263 0.013024
2.817121941 0.013088
2.762606627 0.01296
2.742987744 0.013184
2.761776958 0.012864
2.759607045 0.013312
2.814868277 0.013152
2.782565581 0.01248
2.767140562 0.012928
2.647512738 0.013088
2.709469952 0.012896
2.68374969 0.0128
2.7350027 0.012544
2.747747374 0.01264
2.725359989 0.012416
2.73117321 0.0128
2.834668207 0.012256
2.769591963 0.012672
2.677674786 0.01264
2.683088392 0.012544
2.764363453 0.012768
2.579087511 0.01264
2.705153088 0.012608
2.715777431 0.01248
2.557504171 0.012512
2.714772333 0.012608
2.668251008 0.012672
2.64937801 0.01232
2.730907511 0.012128
2.655105276 0.012352
2.672622908 0.012544
2.698292602 0.012352
2.699487164 0.012128
2.565079789 0.013024
2.732538916 0.012192
2.732799529 0.012096
2.577699915 0.012384
2.610667176 0.012384
2.616830539 0.011616
2.670299286 0.01216
2.704776004 0.011904
2.699271098 0.012096
2.682645325 0.012128
2.642811125 0.012256
2.646964591 0.012128
2.658702733 0.012032
2.543624132 0.012192
2.472982123 0.011936
2.563186246 0.011904
2.540528075 0.011872
2.58062272 0.011936
2.600571964 0.011552
2.610585684 0.011104
2.451514779 0.011872
2.4945542 0.011808
2.57323613 0.011808
2.579211713 0.011232
2.537897886 0.011424
2.510884159 0.011968
2.499005262 0.011616
2.399669883 0.011616
2.407221916 0.011424
2.432227748 0.011584
2.43804624 0.011456
2.358981205 0.011264
2.38581539 0.01136
2.408223313 0.010912
2.438804576 0.010816
2.29408272 0.011104
2.340787351 0.01088
2.37326845 0.01104
2.285184312 0.011104
2.248592067 0.010816
2.307098248 0.010944
2.283002347 0.01072
2.254465023 0.010592
2.333023942 0.01088
2.207372344 0.010656
2.212757747 0.010624
2.220493064 0.010496
2.261124046 0.010528
2.175038143 0.010496
2.213187233 0.010592
2.254472477 0.010304
2.20214709 0.010208
2.215963257 0.009696
2.185359254 0.010176
2.14410001 0.010208
2.16253388 0.010208
2.107957315 0.009984
2.164624993 0.009664
2.040202045 0.009472
2.043537175 0.010048
2.073095464 0.009824
2.06151959 0.009696
2.008992969 0.009568
2.058201585 0.009568
1.990283786 0.009632
2.048785757 0.009344
2.041291047 0.009568
1.994606581 0.009472
2.006639478 0.00928
1.915211317 0.009152
1.953960648 0.009312
1.960476734 0.00912
1.871143708 0.009088
1.945636136 0.008864
1.842979024 0.009056
1.904533893 0.008992
1.905538717 0.008896
1.829378279 0.008928
1.892634626 0.008576
1.829293076 0.008544
1.787846382 0.008416
1.853392912 0.008448
1.856624342 0.008576
1.819821322 0.008448
1.686918448 0.008352
1.748135312 0.00832
1.709322565 0.008448
1.678812705 0.00832
1.616477393 0.00816
1.667097212 0.008192
1.64975557 0.00816
1.589436514 0.007936
1.620963853 0.008032
1.549530078 0.007872
1.616124814 0.00784
1.566640498 0.007872
1.549784706 0.007392
1.587339143 0.007424
1.494821548 0.007488
1.5668748 0.007168
1.475716463 0.007104
1.55219924 0.007136
1.536531933 0.007136
1.502508016 0.007168
1.564028628 0.006752
1.409058282 0.00688
1.470681034 0.006496
1.500803358 0.006752
1.492949948 0.00656
1.465510991 0.006496
1.426609959 0.006464
1.448589369 0.006368
1.433786499 0.006304
1.363370572 0.006336
1.402787722 0.0064
1.341739153 0.006336
1.3712636 0.006112
1.36445341 0.006112
1.313997619 0.006112
1.35041716 0.006144
1.277518636 0.00608
1.291141421 0.005792
1.298292443 0.00592
1.266677888 0.006016
1.2712764 0.005728
1.25929776 0.005728
1.205398942 0.005696
1.2181428 0.005728
1.21569048 0.005728
1.192068947 0.005664
1.188679762 0.005408
1.140330812 0.005536
1.142169132 0.005344
1.13049489 0.005344
1.143203743 0.005312
1.096089341 0.005216
1.076134512 0.005152
1.062358961 0.00528
1.053649653 0.004896
1.02726004 0.004896
1.012850857 0.004992
1.011343843 0.004992
1.047913127 0.004736
1.022993089 0.004704
0.999432328 0.004736
1.002865056 0.004768
0.950623545 0.00464
0.961209054 0.004672
0.898749799 0.004256
0.9383621 0.004288
0.897175471 0.004448
0.922770481 0.004384
0.889343925 0.004128
0.865140812 0.004224
0.859247137 0.004256
0.855078874 0.003904
0.862589845 0.003776
0.8500432 0.003904
0.825377931 0.00384
0.854403127 0.003776
0.803490097 0.003712
0.832224262 0.003648
0.803129072 0.003584
0.800255232 0.003616
0.789598622 0.00336
0.777174836 0.003488
0.768258654 0.003392
0.749066668 0.003328
0.74015419 0.00336
0.72826914 0.003264
0.730323653 0.003296
0.692772048 0.003104
0.712055371 0.0032
0.698320114 0.0032
0.672332797 0.003168
0.681827009 0.003168
0.655627984 0.003008
0.619334262 0.00304
0.605237842 0.002944
0.617897892 0.00288
0.629662331 0.002848
0.613733187 0.002848
0.60547878 0.002816
0.614492172 0.002784
0.602540579 0.002848
0.618938687 0.002848
0.61323796 0.002816
0.613653236 0.002912
0.603083018 0.002816
0.607073898 0.002848
0.618308897 0.00288
0.619557718 0.00288
0.608128631 0.00288
0.613835271 0.00288
0.612776143 0.00288
0.605309866 0.002912
0.615384441 0.00288
0.60848079 0.002848
0.606838955 0.002816
0.602149776 0.002848
0.610811284 0.002816
0.617656852 0.002848
0.618498591 0.00288
0.61628549 0.00288
0.61734421 0.002848
0.597284434 0.00288
0.615352826 0.00288
0.59098868 0.002912
0.611055106 0.002944
0.60698813 0.002912
0.624663659 0.00288
0.633079914 0.002944
0.624057533 0.002816
0.625402252 0.002816
0.625417067 0.002912
0.611527435 0.002912
0.615937318 0.002848
0.63266244 0.00288
0.63336085 0.002912
0.592082682 0.002848
0.608001042 0.002944
0.601742253 0.00288
0.612380149 0.002944
0.634431742 0.002912
0.630292025 0.002912
0.624745762 0.002912
0.621170682 0.002944
0.620553614 0.00288
0.602749346 0.002944
0.609034014 0.002912
0.618959747 0.002912
0.612096405 0.00288
0.615822031 0.002944
0.611685377 0.002848
0.603979497 0.002816
0.605441293 0.00288
0.619350277 0.002976
0.615352826 0.00288
0.60368662 0.00288
0.611335633 0.002912
0.601204785 0.00288
0.608027055 0.002912
0.612913399 0.002944
0.620300688 0.00288
0.614167236 0.00288
0.622181824 0.00288
0.613758687 0.002784
0.613045373 0.002848
0.616626161 0.002912
0.622907663 0.002912
0.624537196 0.00288
0.615273786 0.00288
0.623134816 0.002752
0.617186538 0.00288
0.598675526 0.00288
0.630131295 0.002848
0.621565317 0.00288
0.602848412 0.002912
0.603615619 0.002912
0.630053134 0.002848
0.626648605 0.002944
0.618672478 0.00288
0.620705118 0.002848
0.615593411 0.002848
0.62358099 0.002976
0.619320947 0.002784
0.611383583 0.002912
0.595474855 0.002848
0.608618675 0.00288
0.612107445 0.002848
0.618719901 0.00288
0.580999013 0.002912
0.599411967 0.002912
0.596138928 0.00272
0.625976489 0.002912
0.618083191 0.002784
0.616658127 0.002912
0.583375584 0.002848
0.619939144 0.002848
0.617297466 0.002912
